nakama  | + /nakama/nakama migrate up --database.address local:localdb@postgres:5432/nakama
nakama  | {"level":"info","ts":"2026-06-08T07:02:55.379Z","caller":"server/db.go:140","msg":"Database information","version":"PostgreSQL 15.18 on aarch64-unknown-linux-musl, compiled by gcc (Alpine 15.2.0) 15.2.0, 64-bit"}
nakama  | {"level":"info","ts":"2026-06-08T07:02:55.379Z","caller":"migrate/migrate.go:109","msg":"Applying database migrations","limit":-1}
nakama  | {"level":"info","ts":"2026-06-08T07:02:55.435Z","caller":"migrate/migrate.go:116","msg":"Successfully applied migration","count":8}
nakama  | + exec /nakama/nakama --name nakama1 --database.address local:localdb@postgres:5432/nakama --config /nakama/data/nakama.yml
nakama  | {"level":"info","ts":"2026-06-08T07:02:55.442Z","caller":"server/config.go:95","msg":"Successfully loaded config file","path":"/nakama/data/nakama.yml"}
nakama  | {"level":"warn","ts":"2026-06-08T07:02:55.442Z","caller":"server/config.go:331","msg":"WARNING: insecure default parameter value, change this for production!","param":"console.username"}
nakama  | {"level":"warn","ts":"2026-06-08T07:02:55.442Z","caller":"server/config.go:335","msg":"WARNING: insecure default parameter value, change this for production!","param":"console.password"}
nakama  | {"level":"warn","ts":"2026-06-08T07:02:55.442Z","caller":"server/config.go:339","msg":"WARNING: insecure default parameter value, change this for production!","param":"console.signing_key"}
nakama  | {"level":"info","ts":"2026-06-08T07:02:55.442Z","caller":"main.go:144","msg":"Nakama starting"}
nakama  | {"level":"info","ts":"2026-06-08T07:02:55.442Z","caller":"main.go:145","msg":"Node","name":"nakama1","version":"3.39.0+721a5d3","runtime":"go1.26.3","cpu":12,"proc":12}
nakama  | {"level":"info","ts":"2026-06-08T07:02:55.442Z","caller":"main.go:146","msg":"Data directory","path":"/nakama/data"}
nakama  | {"level":"info","ts":"2026-06-08T07:02:55.442Z","caller":"main.go:157","msg":"Database connections","dsns":["local:xxxxx@postgres:5432/nakama"]}
nakama  | {"level":"info","ts":"2026-06-08T07:02:55.446Z","caller":"server/db.go:140","msg":"Database information","version":"PostgreSQL 15.18 on aarch64-unknown-linux-musl, compiled by gcc (Alpine 15.2.0) 15.2.0, 64-bit"}
nakama  | {"level":"info","ts":"2026-06-08T07:02:55.454Z","caller":"server/leaderboard_rank_cache.go:140","msg":"Initializing leaderboard rank cache"}
nakama  | {"level":"info","ts":"2026-06-08T07:02:55.454Z","caller":"server/runtime.go:667","msg":"Initialising runtime","path":"/nakama/data/modules"}
nakama  | {"level":"info","ts":"2026-06-08T07:02:55.454Z","caller":"server/leaderboard_rank_cache.go:201","msg":"Leaderboard rank cache initialization completed successfully","cached":[],"skipped":[],"duration":"146.417µs"}
nakama  | {"level":"info","ts":"2026-06-08T07:02:55.455Z","caller":"server/runtime.go:674","msg":"Initialising runtime event queue processor"}
nakama  | {"level":"info","ts":"2026-06-08T07:02:55.455Z","caller":"server/runtime.go:676","msg":"Runtime event queue processor started","size":65536,"workers":8}
nakama  | {"level":"info","ts":"2026-06-08T07:02:55.455Z","caller":"server/runtime_go.go:2967","msg":"Initialising Go runtime provider","path":"/nakama/data/modules"}
nakama  | {"level":"info","ts":"2026-06-08T07:02:55.462Z","caller":"runtime/main.go:52","msg":"bootstrap runtime loaded","runtime":"go"}
nakama  | {"level":"info","ts":"2026-06-08T07:02:55.462Z","caller":"server/runtime_go.go:2991","msg":"Go runtime modules loaded"}
nakama  | {"level":"info","ts":"2026-06-08T07:02:55.462Z","caller":"server/runtime_lua.go:119","msg":"Initialising Lua runtime provider","path":"/nakama/data/modules"}
nakama  | {"level":"info","ts":"2026-06-08T07:02:55.462Z","caller":"server/runtime_lua.go:1276","msg":"Lua runtime modules loaded"}
nakama  | {"level":"info","ts":"2026-06-08T07:02:55.462Z","caller":"server/runtime_lua.go:1279","msg":"Allocating minimum Lua runtime pool","count":16}
nakama  | {"level":"info","ts":"2026-06-08T07:02:55.462Z","caller":"server/runtime_lua.go:1287","msg":"Allocated minimum Lua runtime pool"}
nakama  | {"level":"info","ts":"2026-06-08T07:02:55.462Z","caller":"server/runtime_javascript.go:654","msg":"Initialising JavaScript runtime provider","path":"/nakama/data/modules","entrypoint":""}
nakama  | {"level":"info","ts":"2026-06-08T07:02:55.462Z","caller":"server/runtime_javascript.go:1775","msg":"JavaScript runtime modules loaded"}
nakama  | {"level":"info","ts":"2026-06-08T07:02:55.462Z","caller":"server/runtime_javascript.go:1778","msg":"Allocating minimum JavaScript runtime pool","count":16}
nakama  | {"level":"info","ts":"2026-06-08T07:02:55.462Z","caller":"server/runtime_javascript.go:1786","msg":"Allocated minimum JavaScript runtime pool"}
nakama  | {"level":"info","ts":"2026-06-08T07:02:55.462Z","caller":"server/runtime.go:767","msg":"Found runtime modules","count":1,"modules":["backend.so"]}
nakama  | {"level":"info","ts":"2026-06-08T07:02:55.462Z","caller":"server/runtime.go:798","msg":"Registered Go runtime RPC function invocation","id":"get_player_profile"}
nakama  | {"level":"info","ts":"2026-06-08T07:02:55.462Z","caller":"server/runtime.go:2325","msg":"Registered Go runtime After function invocation","id":"authenticatecustom"}
nakama  | {"level":"info","ts":"2026-06-08T07:02:55.462Z","caller":"server/leaderboard_scheduler.go:113","msg":"Leaderboard scheduler start"}
nakama  | {"level":"info","ts":"2026-06-08T07:02:55.462Z","caller":"server/leaderboard_scheduler.go:310","msg":"Leaderboard scheduler update","end_active":"-1ns","end_active_count":0,"expiry":"-1ns","expiry_count":0}
nakama  | {"level":"info","ts":"2026-06-08T07:02:55.462Z","caller":"server/api.go:159","msg":"Starting API server for gRPC requests","port":7349}
nakama  | {"level":"info","ts":"2026-06-08T07:02:55.464Z","caller":"server/api.go:329","msg":"Starting API server gateway for HTTP requests","port":7350}
nakama  | {"level":"info","ts":"2026-06-08T07:02:55.466Z","caller":"server/console.go:176","msg":"Starting Console server for gRPC requests","port":7348}
nakama  | {"level":"info","ts":"2026-06-08T07:02:55.466Z","caller":"server/console.go:372","msg":"Starting Console server gateway for HTTP requests","port":7351}
nakama  | {"level":"info","ts":"2026-06-08T07:02:57.387Z","caller":"main.go:243","msg":"Startup done"}
nakama  | {"level":"error","ts":"2026-06-08T07:03:30.875Z","caller":"server/console_authenticate.go:305","msg":"Failed to parse the session token.","trace_id":"187592e2-51f7-492d-ba1a-e1b4c684d03f","error":"token has invalid claims: token is expired"}
nakama  | {"level":"error","ts":"2026-06-08T07:03:30.875Z","caller":"server/console_authenticate.go:309","msg":"Failed to parse token console jwt token.","trace_id":"187592e2-51f7-492d-ba1a-e1b4c684d03f","error":"token has invalid claims: token is expired"}
nakama  | {"level":"error","ts":"2026-06-08T07:03:30.875Z","caller":"server/console_authenticate.go:305","msg":"Failed to parse the session token.","trace_id":"6ac62f1b-4f18-45ad-9bcd-a2c92acd8e47","error":"token has invalid claims: token is expired"}
nakama  | {"level":"error","ts":"2026-06-08T07:03:30.875Z","caller":"server/console_authenticate.go:309","msg":"Failed to parse token console jwt token.","trace_id":"6ac62f1b-4f18-45ad-9bcd-a2c92acd8e47","error":"token has invalid claims: token is expired"}
nakama  | {"level":"error","ts":"2026-06-08T07:03:30.875Z","caller":"server/console_authenticate.go:305","msg":"Failed to parse the session token.","trace_id":"cbfb0aaa-ab0f-4bc1-9f19-3a7ce981acb7","error":"token has invalid claims: token is expired"}
nakama  | {"level":"error","ts":"2026-06-08T07:03:30.875Z","caller":"server/console_authenticate.go:309","msg":"Failed to parse token console jwt token.","trace_id":"cbfb0aaa-ab0f-4bc1-9f19-3a7ce981acb7","error":"token has invalid claims: token is expired"}
nakama  | {"level":"error","ts":"2026-06-08T07:03:30.881Z","caller":"server/console_authenticate.go:305","msg":"Failed to parse the session token.","trace_id":"e1c8568e-83c9-4f1a-a4fa-f64d37e836ae","error":"token has invalid claims: token is expired"}
nakama  | {"level":"error","ts":"2026-06-08T07:03:30.881Z","caller":"server/console_authenticate.go:309","msg":"Failed to parse token console jwt token.","trace_id":"e1c8568e-83c9-4f1a-a4fa-f64d37e836ae","error":"token has invalid claims: token is expired"}
nakama  | {"level":"error","ts":"2026-06-08T07:03:30.881Z","caller":"server/console_authenticate.go:305","msg":"Failed to parse the session token.","trace_id":"c1c61ce0-5118-4d90-abda-83e963a3e5b7","error":"token has invalid claims: token is expired"}
nakama  | {"level":"error","ts":"2026-06-08T07:03:30.881Z","caller":"server/console_authenticate.go:309","msg":"Failed to parse token console jwt token.","trace_id":"c1c61ce0-5118-4d90-abda-83e963a3e5b7","error":"token has invalid claims: token is expired"}
nakama  | {"level":"error","ts":"2026-06-08T07:03:30.881Z","caller":"server/console_authenticate.go:305","msg":"Failed to parse the session token.","trace_id":"dd2bdbd7-b763-46f6-b7d2-0492bea66436","error":"token has invalid claims: token is expired"}
nakama  | {"level":"error","ts":"2026-06-08T07:03:30.881Z","caller":"server/console_authenticate.go:309","msg":"Failed to parse token console jwt token.","trace_id":"dd2bdbd7-b763-46f6-b7d2-0492bea66436","error":"token has invalid claims: token is expired"}
